c:\users\david brooks\onedrive - kent state university\spring 2021\structure of programming languages\project\project1_dbrooks\debug\vc142.pdb
c:\users\david brooks\onedrive - kent state university\spring 2021\structure of programming languages\project\project1_dbrooks\debug\vc142.idb
c:\users\david brooks\onedrive - kent state university\spring 2021\structure of programming languages\project\project1_dbrooks\debug\main.obj
c:\users\david brooks\onedrive - kent state university\spring 2021\structure of programming languages\project\project1_dbrooks\debug\utilites.obj
c:\users\david brooks\onedrive - kent state university\spring 2021\structure of programming languages\project\sopl_project\project1_dbrooks_cpp\debug\utilites.obj
c:\users\david brooks\onedrive - kent state university\spring 2021\structure of programming languages\project\sopl_project\project1_dbrooks_cpp\debug\main.obj
c:\users\david brooks\onedrive - kent state university\spring 2021\structure of programming languages\project\project1_dbrooks\debug\project1_dbrooks.exe
c:\users\david brooks\onedrive - kent state university\spring 2021\structure of programming languages\project\project1_dbrooks\debug\project1_dbrooks.ilk
c:\users\david brooks\onedrive - kent state university\spring 2021\structure of programming languages\project\project1_dbrooks\debug\project1_dbrooks.pdb
c:\users\david brooks\onedrive - kent state university\spring 2021\structure of programming languages\project\sopl_project\project1_dbrooks_cpp\debug\project1_dbrooks.pdb
c:\users\david brooks\onedrive - kent state university\spring 2021\structure of programming languages\project\sopl_project\project1_dbrooks_cpp\debug\project1_dbrooks.exe
c:\users\david brooks\onedrive - kent state university\spring 2021\structure of programming languages\project\sopl_project\project1_dbrooks_cpp\debug\utilites.obj.enc
c:\users\david brooks\onedrive - kent state university\spring 2021\structure of programming languages\project\sopl_project\project1_dbrooks_cpp\debug\project1_dbrooks.ilk
c:\users\david brooks\onedrive - kent state university\spring 2021\structure of programming languages\project\sopl_project\project1_dbrooks_cpp\debug\vc142.idb
c:\users\david brooks\onedrive - kent state university\spring 2021\structure of programming languages\project\sopl_project\project1_dbrooks_cpp\debug\vc142.pdb
c:\users\david brooks\onedrive - kent state university\spring 2021\structure of programming languages\project\sopl_project\project1_dbrooks_cpp\debug\project1_dbrooks.tlog\cl.command.1.tlog
c:\users\david brooks\onedrive - kent state university\spring 2021\structure of programming languages\project\sopl_project\project1_dbrooks_cpp\debug\project1_dbrooks.tlog\cl.read.1.tlog
c:\users\david brooks\onedrive - kent state university\spring 2021\structure of programming languages\project\sopl_project\project1_dbrooks_cpp\debug\project1_dbrooks.tlog\cl.write.1.tlog
c:\users\david brooks\onedrive - kent state university\spring 2021\structure of programming languages\project\sopl_project\project1_dbrooks_cpp\debug\project1_dbrooks.tlog\clang-cl.23172.delete.1.tlog
c:\users\david brooks\onedrive - kent state university\spring 2021\structure of programming languages\project\sopl_project\project1_dbrooks_cpp\debug\project1_dbrooks.tlog\clang-cl.23172.write.1.tlog
c:\users\david brooks\onedrive - kent state university\spring 2021\structure of programming languages\project\sopl_project\project1_dbrooks_cpp\debug\project1_dbrooks.tlog\clang-cl.33100.delete.1.tlog
c:\users\david brooks\onedrive - kent state university\spring 2021\structure of programming languages\project\sopl_project\project1_dbrooks_cpp\debug\project1_dbrooks.tlog\clang-cl.command.1.tlog
c:\users\david brooks\onedrive - kent state university\spring 2021\structure of programming languages\project\sopl_project\project1_dbrooks_cpp\debug\project1_dbrooks.tlog\clang-cl.read.1.tlog
c:\users\david brooks\onedrive - kent state university\spring 2021\structure of programming languages\project\sopl_project\project1_dbrooks_cpp\debug\project1_dbrooks.tlog\link.command.1.tlog
c:\users\david brooks\onedrive - kent state university\spring 2021\structure of programming languages\project\sopl_project\project1_dbrooks_cpp\debug\project1_dbrooks.tlog\link.read.1.tlog
c:\users\david brooks\onedrive - kent state university\spring 2021\structure of programming languages\project\sopl_project\project1_dbrooks_cpp\debug\project1_dbrooks.tlog\link.write.1.tlog
c:\users\david brooks\onedrive - kent state university\spring 2021\structure of programming languages\project\sopl_project\project1_dbrooks_cpp\debug\project1_dbrooks.tlog\lld-link.command.1.tlog
c:\users\david brooks\onedrive - kent state university\spring 2021\structure of programming languages\project\sopl_project\project1_dbrooks_cpp\debug\project1_dbrooks.tlog\lld-link.delete.1.tlog
c:\users\david brooks\onedrive - kent state university\spring 2021\structure of programming languages\project\sopl_project\project1_dbrooks_cpp\debug\project1_dbrooks.tlog\lld-link.read.1.tlog
c:\users\david brooks\onedrive - kent state university\spring 2021\structure of programming languages\project\sopl_project\project1_dbrooks_cpp\debug\project1_dbrooks.tlog\lld-link.write.1.tlog
